# JRE version: Java(TM) SE Runtime Environment (17.0.9+11) (build 17.0.9+11-LTS-201)
# Java VM: Java HotSpot(TM) 64-Bit Server VM (17.0.9+11-LTS-201, mixed mode, sharing, tiered, compressed class ptrs, g1 gc, windows-amd64)
GC Precious Log:
 CPUs: 16 total, 16 available
 Memory: 16122M
 Large Page Support: Disabled
 NUMA Support: Disabled
 Compressed Oops: Disabled
 Heap Region Size: 32M
 Heap Min Capacity: 32M
 Heap Initial Capacity: 256M
 Heap Max Capacity: 50G
 Pre-touch: Disabled
 Parallel Workers: 13
 Concurrent Workers: 3
 Concurrent Refinement Workers: 13
 Periodic GC: Disabled
Heap:
 garbage-first heap   total 7995392K, used 2241519K [0x000001d680000000, 0x000001e300000000)
  region size 32768K, 1 young (32768K), 1 survivors (32768K)
 Metaspace       used 21828K, committed 22016K, reserved 1114112K
  class space    used 2027K, committed 2112K, reserved 1048576K
GC Heap History (20 events):
Event: 4516.942 GC heap after
{Heap after GC invocations=4953 (full 0):
 garbage-first heap   total 10223616K, used 4078022K [0x000001d680000000, 0x000001e300000000)
  region size 32768K, 3 young (98304K), 3 survivors (98304K)
 Metaspace       used 21733K, committed 21888K, reserved 1114112K
  class space    used 2024K, committed 2112K, reserved 1048576K
}
Event: 4518.857 GC heap before
{Heap before GC invocations=4953 (full 0):
 garbage-first heap   total 10223616K, used 7551430K [0x000001d680000000, 0x000001e300000000)
  region size 32768K, 110 young (3604480K), 3 survivors (98304K)
 Metaspace       used 21734K, committed 21888K, reserved 1114112K
  class space    used 2024K, committed 2112K, reserved 1048576K
}
Event: 4528.120 GC heap after
{Heap after GC invocations=4954 (full 1):
 garbage-first heap   total 7995392K, used 2212958K [0x000001d680000000, 0x000001e300000000)
  region size 32768K, 0 young (0K), 0 survivors (0K)
 Metaspace       used 21734K, committed 21888K, reserved 1114112K
  class space    used 2024K, committed 2112K, reserved 1048576K
}
Event: 4550.016 GC heap before
{Heap before GC invocations=4954 (full 1):
 garbage-first heap   total 7995392K, used 6964318K [0x000001d680000000, 0x000001e300000000)
  region size 32768K, 145 young (4751360K), 0 survivors (0K)
 Metaspace       used 21828K, committed 22016K, reserved 1114112K
  class space    used 2027K, committed 2112K, reserved 1048576K
}
Event: 4550.025 GC heap after
{Heap after GC invocations=4955 (full 1):
 garbage-first heap   total 7995392K, used 2227407K [0x000001d680000000, 0x000001e300000000)
  region size 32768K, 1 young (32768K), 1 survivors (32768K)
 Metaspace       used 21828K, committed 22016K, reserved 1114112K
  class space    used 2027K, committed 2112K, reserved 1048576K
}
Event: 4559.392 GC heap before
{Heap before GC invocations=4955 (full 1):
 garbage-first heap   total 7995392K, used 6945999K [0x000001d680000000, 0x000001e300000000)
  region size 32768K, 145 young (4751360K), 1 survivors (32768K)
 Metaspace       used 21828K, committed 22016K, reserved 1114112K
  class space    used 2027K, committed 2112K, reserved 1048576K
}
Event: 4559.398 GC heap after
{Heap after GC invocations=4956 (full 1):
 garbage-first heap   total 7995392K, used 2225460K [0x000001d680000000, 0x000001e300000000)
  region size 32768K, 1 young (32768K), 1 survivors (32768K)
 Metaspace       used 21828K, committed 22016K, reserved 1114112K
  class space    used 2027K, committed 2112K, reserved 1048576K
}
Event: 4575.056 GC heap before
{Heap before GC invocations=4956 (full 1):
 garbage-first heap   total 7995392K, used 6944052K [0x000001d680000000, 0x000001e300000000)
  region size 32768K, 145 young (4751360K), 1 survivors (32768K)
 Metaspace       used 21828K, committed 22016K, reserved 1114112K
  class space    used 2027K, committed 2112K, reserved 1048576K
}
Event: 4575.067 GC heap after
{Heap after GC invocations=4957 (full 1):
 garbage-first heap   total 7995392K, used 2232159K [0x000001d680000000, 0x000001e300000000)
  region size 32768K, 1 young (32768K), 1 survivors (32768K)
 Metaspace       used 21828K, committed 22016K, reserved 1114112K
  class space    used 2027K, committed 2112K, reserved 1048576K
}
Event: 4596.005 GC heap before
{Heap before GC invocations=4957 (full 1):
 garbage-first heap   total 7995392K, used 6950751K [0x000001d680000000, 0x000001e300000000)
  region size 32768K, 145 young (4751360K), 1 survivors (32768K)
 Metaspace       used 21828K, committed 22016K, reserved 1114112K
  class space    used 2027K, committed 2112K, reserved 1048576K
}
Event: 4596.015 GC heap after
{Heap after GC invocations=4958 (full 1):
 garbage-first heap   total 7995392K, used 2237492K [0x000001d680000000, 0x000001e300000000)
  region size 32768K, 1 young (32768K), 1 survivors (32768K)
 Metaspace       used 21828K, committed 22016K, reserved 1114112K
  class space    used 2027K, committed 2112K, reserved 1048576K
}
Event: 4600.041 GC heap before
{Heap before GC invocations=4958 (full 1):
 garbage-first heap   total 7995392K, used 6956084K [0x000001d680000000, 0x000001e300000000)
  region size 32768K, 145 young (4751360K), 1 survivors (32768K)
 Metaspace       used 21828K, committed 22016K, reserved 1114112K
  class space    used 2027K, committed 2112K, reserved 1048576K
}
Event: 4600.055 GC heap after
{Heap after GC invocations=4959 (full 1):
 garbage-first heap   total 7995392K, used 2239333K [0x000001d680000000, 0x000001e300000000)
  region size 32768K, 1 young (32768K), 1 survivors (32768K)
 Metaspace       used 21828K, committed 22016K, reserved 1114112K
  class space    used 2027K, committed 2112K, reserved 1048576K
}
Event: 4602.044 GC heap before
{Heap before GC invocations=4959 (full 1):
 garbage-first heap   total 7995392K, used 6957925K [0x000001d680000000, 0x000001e300000000)
  region size 32768K, 145 young (4751360K), 1 survivors (32768K)
 Metaspace       used 21828K, committed 22016K, reserved 1114112K
  class space    used 2027K, committed 2112K, reserved 1048576K
}
Event: 4602.054 GC heap after
{Heap after GC invocations=4960 (full 1):
 garbage-first heap   total 7995392K, used 2240842K [0x000001d680000000, 0x000001e300000000)
  region size 32768K, 1 young (32768K), 1 survivors (32768K)
 Metaspace       used 21828K, committed 22016K, reserved 1114112K
  class space    used 2027K, committed 2112K, reserved 1048576K
}
Event: 4603.510 GC heap before
{Heap before GC invocations=4960 (full 1):
 garbage-first heap   total 7995392K, used 6959434K [0x000001d680000000, 0x000001e300000000)
  region size 32768K, 145 young (4751360K), 1 survivors (32768K)
 Metaspace       used 21828K, committed 22016K, reserved 1114112K
  class space    used 2027K, committed 2112K, reserved 1048576K
}
Event: 4603.520 GC heap after
{Heap after GC invocations=4961 (full 1):
 garbage-first heap   total 7995392K, used 2242086K [0x000001d680000000, 0x000001e300000000)
  region size 32768K, 1 young (32768K), 1 survivors (32768K)
 Metaspace       used 21828K, committed 22016K, reserved 1114112K
  class space    used 2027K, committed 2112K, reserved 1048576K
}
Event: 4604.965 GC heap before
{Heap before GC invocations=4961 (full 1):
 garbage-first heap   total 7995392K, used 6960678K [0x000001d680000000, 0x000001e300000000)
  region size 32768K, 145 young (4751360K), 1 survivors (32768K)
 Metaspace       used 21828K, committed 22016K, reserved 1114112K
  class space    used 2027K, committed 2112K, reserved 1048576K
}
Event: 4604.973 GC heap after
{Heap after GC invocations=4962 (full 1):
 garbage-first heap   total 7995392K, used 2240279K [0x000001d680000000, 0x000001e300000000)
  region size 32768K, 1 young (32768K), 1 survivors (32768K)
 Metaspace       used 21828K, committed 22016K, reserved 1114112K
  class space    used 2027K, committed 2112K, reserved 1048576K
}
Event: 4606.355 GC heap before
{Heap before GC invocations=4962 (full 1):
 garbage-first heap   total 7995392K, used 6958871K [0x000001d680000000, 0x000001e300000000)
  region size 32768K, 145 young (4751360K), 1 survivors (32768K)
 Metaspace       used 21828K, committed 22016K, reserved 1114112K
  class space    used 2027K, committed 2112K, reserved 1048576K
}

